[2018-10-23 13:52:55] local.ERROR: Argument 1 passed to Spatie\Fractal\Fractal::__construct() must be an instance of League\Fractal\Manager, instance of Illuminate\Foundation\Application given, called in C:\Users\Coder79\Desktop\myservice\vendor\laravel\framework\src\Illuminate\Foundation\ProviderRepository.php on line 208 {"exception":"[object] (Symfony\\Component\\Debug\\Exception\\FatalThrowableError(code: 0): Argument 1 passed to Spatie\\Fractal\\Fractal::__construct() must be an instance of League\\Fractal\\Manager, instance of Illuminate\\Foundation\\Application given, called in C:\\Users\\Coder79\\Desktop\\myservice\\vendor\\laravel\\framework\\src\\Illuminate\\Foundation\\ProviderRepository.php on line 208 at C:\\Users\\Coder79\\Desktop\\myservice\\vendor\\spatie\\laravel-fractal\\src\\Fractal.php:23)
[stacktrace]
#0 C:\\Users\\Coder79\\Desktop\\myservice\\vendor\\laravel\\framework\\src\\Illuminate\\Foundation\\ProviderRepository.php(208): Spatie\\Fractal\\Fractal->__construct(Object(Illuminate\\Foundation\\Application))
#1 C:\\Users\\Coder79\\Desktop\\myservice\\vendor\\laravel\\framework\\src\\Illuminate\\Foundation\\ProviderRepository.php(144): Illuminate\\Foundation\\ProviderRepository->createProvider('Spatie\\\\Fractal\\\\...')
#2 C:\\Users\\Coder79\\Desktop\\myservice\\vendor\\laravel\\framework\\src\\Illuminate\\Foundation\\ProviderRepository.php(61): Illuminate\\Foundation\\ProviderRepository->compileManifest(Array)
#3 C:\\Users\\Coder79\\Desktop\\myservice\\vendor\\laravel\\framework\\src\\Illuminate\\Foundation\\Application.php(548): Illuminate\\Foundation\\ProviderRepository->load(Array)
#4 C:\\Users\\Coder79\\Desktop\\myservice\\vendor\\laravel\\framework\\src\\Illuminate\\Foundation\\Bootstrap\\RegisterProviders.php(17): Illuminate\\Foundation\\Application->registerConfiguredProviders()
#5 C:\\Users\\Coder79\\Desktop\\myservice\\vendor\\laravel\\framework\\src\\Illuminate\\Foundation\\Application.php(206): Illuminate\\Foundation\\Bootstrap\\RegisterProviders->bootstrap(Object(Illuminate\\Foundation\\Application))
#6 C:\\Users\\Coder79\\Desktop\\myservice\\vendor\\laravel\\framework\\src\\Illuminate\\Foundation\\Console\\Kernel.php(297): Illuminate\\Foundation\\Application->bootstrapWith(Array)
#7 C:\\Users\\Coder79\\Desktop\\myservice\\vendor\\laravel\\framework\\src\\Illuminate\\Foundation\\Console\\Kernel.php(120): Illuminate\\Foundation\\Console\\Kernel->bootstrap()
#8 C:\\Users\\Coder79\\Desktop\\myservice\\artisan(37): Illuminate\\Foundation\\Console\\Kernel->handle(Object(Symfony\\Component\\Console\\Input\\ArgvInput), Object(Symfony\\Component\\Console\\Output\\ConsoleOutput))
#9 {main}
"} 
[2018-10-23 13:53:03] local.ERROR: Argument 1 passed to Spatie\Fractal\Fractal::__construct() must be an instance of League\Fractal\Manager, instance of Illuminate\Foundation\Application given, called in C:\Users\Coder79\Desktop\myservice\vendor\laravel\framework\src\Illuminate\Foundation\ProviderRepository.php on line 208 {"exception":"[object] (Symfony\\Component\\Debug\\Exception\\FatalThrowableError(code: 0): Argument 1 passed to Spatie\\Fractal\\Fractal::__construct() must be an instance of League\\Fractal\\Manager, instance of Illuminate\\Foundation\\Application given, called in C:\\Users\\Coder79\\Desktop\\myservice\\vendor\\laravel\\framework\\src\\Illuminate\\Foundation\\ProviderRepository.php on line 208 at C:\\Users\\Coder79\\Desktop\\myservice\\vendor\\spatie\\laravel-fractal\\src\\Fractal.php:23)
[stacktrace]
#0 C:\\Users\\Coder79\\Desktop\\myservice\\vendor\\laravel\\framework\\src\\Illuminate\\Foundation\\ProviderRepository.php(208): Spatie\\Fractal\\Fractal->__construct(Object(Illuminate\\Foundation\\Application))
#1 C:\\Users\\Coder79\\Desktop\\myservice\\vendor\\laravel\\framework\\src\\Illuminate\\Foundation\\ProviderRepository.php(144): Illuminate\\Foundation\\ProviderRepository->createProvider('Spatie\\\\Fractal\\\\...')
#2 C:\\Users\\Coder79\\Desktop\\myservice\\vendor\\laravel\\framework\\src\\Illuminate\\Foundation\\ProviderRepository.php(61): Illuminate\\Foundation\\ProviderRepository->compileManifest(Array)
#3 C:\\Users\\Coder79\\Desktop\\myservice\\vendor\\laravel\\framework\\src\\Illuminate\\Foundation\\Application.php(548): Illuminate\\Foundation\\ProviderRepository->load(Array)
#4 C:\\Users\\Coder79\\Desktop\\myservice\\vendor\\laravel\\framework\\src\\Illuminate\\Foundation\\Bootstrap\\RegisterProviders.php(17): Illuminate\\Foundation\\Application->registerConfiguredProviders()
#5 C:\\Users\\Coder79\\Desktop\\myservice\\vendor\\laravel\\framework\\src\\Illuminate\\Foundation\\Application.php(206): Illuminate\\Foundation\\Bootstrap\\RegisterProviders->bootstrap(Object(Illuminate\\Foundation\\Application))
#6 C:\\Users\\Coder79\\Desktop\\myservice\\vendor\\laravel\\framework\\src\\Illuminate\\Foundation\\Console\\Kernel.php(297): Illuminate\\Foundation\\Application->bootstrapWith(Array)
#7 C:\\Users\\Coder79\\Desktop\\myservice\\vendor\\laravel\\framework\\src\\Illuminate\\Foundation\\Console\\Kernel.php(120): Illuminate\\Foundation\\Console\\Kernel->bootstrap()
#8 C:\\Users\\Coder79\\Desktop\\myservice\\artisan(37): Illuminate\\Foundation\\Console\\Kernel->handle(Object(Symfony\\Component\\Console\\Input\\ArgvInput), Object(Symfony\\Component\\Console\\Output\\ConsoleOutput))
#9 {main}
"} 
[2018-10-23 13:54:35] local.ERROR: Argument 1 passed to Spatie\Fractal\Fractal::__construct() must be an instance of League\Fractal\Manager, instance of Illuminate\Foundation\Application given, called in C:\Users\Coder79\Desktop\myservice\vendor\laravel\framework\src\Illuminate\Foundation\ProviderRepository.php on line 208 {"exception":"[object] (Symfony\\Component\\Debug\\Exception\\FatalThrowableError(code: 0): Argument 1 passed to Spatie\\Fractal\\Fractal::__construct() must be an instance of League\\Fractal\\Manager, instance of Illuminate\\Foundation\\Application given, called in C:\\Users\\Coder79\\Desktop\\myservice\\vendor\\laravel\\framework\\src\\Illuminate\\Foundation\\ProviderRepository.php on line 208 at C:\\Users\\Coder79\\Desktop\\myservice\\vendor\\spatie\\laravel-fractal\\src\\Fractal.php:23)
[stacktrace]
#0 C:\\Users\\Coder79\\Desktop\\myservice\\vendor\\laravel\\framework\\src\\Illuminate\\Foundation\\ProviderRepository.php(208): Spatie\\Fractal\\Fractal->__construct(Object(Illuminate\\Foundation\\Application))
#1 C:\\Users\\Coder79\\Desktop\\myservice\\vendor\\laravel\\framework\\src\\Illuminate\\Foundation\\ProviderRepository.php(144): Illuminate\\Foundation\\ProviderRepository->createProvider('Spatie\\\\Fractal\\\\...')
#2 C:\\Users\\Coder79\\Desktop\\myservice\\vendor\\laravel\\framework\\src\\Illuminate\\Foundation\\ProviderRepository.php(61): Illuminate\\Foundation\\ProviderRepository->compileManifest(Array)
#3 C:\\Users\\Coder79\\Desktop\\myservice\\vendor\\laravel\\framework\\src\\Illuminate\\Foundation\\Application.php(548): Illuminate\\Foundation\\ProviderRepository->load(Array)
#4 C:\\Users\\Coder79\\Desktop\\myservice\\vendor\\laravel\\framework\\src\\Illuminate\\Foundation\\Bootstrap\\RegisterProviders.php(17): Illuminate\\Foundation\\Application->registerConfiguredProviders()
#5 C:\\Users\\Coder79\\Desktop\\myservice\\vendor\\laravel\\framework\\src\\Illuminate\\Foundation\\Application.php(206): Illuminate\\Foundation\\Bootstrap\\RegisterProviders->bootstrap(Object(Illuminate\\Foundation\\Application))
#6 C:\\Users\\Coder79\\Desktop\\myservice\\vendor\\laravel\\framework\\src\\Illuminate\\Foundation\\Console\\Kernel.php(297): Illuminate\\Foundation\\Application->bootstrapWith(Array)
#7 C:\\Users\\Coder79\\Desktop\\myservice\\vendor\\laravel\\framework\\src\\Illuminate\\Foundation\\Console\\Kernel.php(120): Illuminate\\Foundation\\Console\\Kernel->bootstrap()
#8 C:\\Users\\Coder79\\Desktop\\myservice\\artisan(37): Illuminate\\Foundation\\Console\\Kernel->handle(Object(Symfony\\Component\\Console\\Input\\ArgvInput), Object(Symfony\\Component\\Console\\Output\\ConsoleOutput))
#9 {main}
"} 
[2018-10-23 13:56:34] local.ERROR: Argument 1 passed to Spatie\Fractal\Fractal::__construct() must be an instance of League\Fractal\Manager, instance of Illuminate\Foundation\Application given, called in C:\Users\Coder79\Desktop\myservice\vendor\laravel\framework\src\Illuminate\Foundation\ProviderRepository.php on line 208 {"exception":"[object] (Symfony\\Component\\Debug\\Exception\\FatalThrowableError(code: 0): Argument 1 passed to Spatie\\Fractal\\Fractal::__construct() must be an instance of League\\Fractal\\Manager, instance of Illuminate\\Foundation\\Application given, called in C:\\Users\\Coder79\\Desktop\\myservice\\vendor\\laravel\\framework\\src\\Illuminate\\Foundation\\ProviderRepository.php on line 208 at C:\\Users\\Coder79\\Desktop\\myservice\\vendor\\spatie\\laravel-fractal\\src\\Fractal.php:23)
[stacktrace]
#0 C:\\Users\\Coder79\\Desktop\\myservice\\vendor\\laravel\\framework\\src\\Illuminate\\Foundation\\ProviderRepository.php(208): Spatie\\Fractal\\Fractal->__construct(Object(Illuminate\\Foundation\\Application))
#1 C:\\Users\\Coder79\\Desktop\\myservice\\vendor\\laravel\\framework\\src\\Illuminate\\Foundation\\ProviderRepository.php(144): Illuminate\\Foundation\\ProviderRepository->createProvider('Spatie\\\\Fractal\\\\...')
#2 C:\\Users\\Coder79\\Desktop\\myservice\\vendor\\laravel\\framework\\src\\Illuminate\\Foundation\\ProviderRepository.php(61): Illuminate\\Foundation\\ProviderRepository->compileManifest(Array)
#3 C:\\Users\\Coder79\\Desktop\\myservice\\vendor\\laravel\\framework\\src\\Illuminate\\Foundation\\Application.php(548): Illuminate\\Foundation\\ProviderRepository->load(Array)
#4 C:\\Users\\Coder79\\Desktop\\myservice\\vendor\\laravel\\framework\\src\\Illuminate\\Foundation\\Bootstrap\\RegisterProviders.php(17): Illuminate\\Foundation\\Application->registerConfiguredProviders()
#5 C:\\Users\\Coder79\\Desktop\\myservice\\vendor\\laravel\\framework\\src\\Illuminate\\Foundation\\Application.php(206): Illuminate\\Foundation\\Bootstrap\\RegisterProviders->bootstrap(Object(Illuminate\\Foundation\\Application))
#6 C:\\Users\\Coder79\\Desktop\\myservice\\vendor\\laravel\\framework\\src\\Illuminate\\Foundation\\Console\\Kernel.php(297): Illuminate\\Foundation\\Application->bootstrapWith(Array)
#7 C:\\Users\\Coder79\\Desktop\\myservice\\vendor\\laravel\\framework\\src\\Illuminate\\Foundation\\Console\\Kernel.php(120): Illuminate\\Foundation\\Console\\Kernel->bootstrap()
#8 C:\\Users\\Coder79\\Desktop\\myservice\\artisan(37): Illuminate\\Foundation\\Console\\Kernel->handle(Object(Symfony\\Component\\Console\\Input\\ArgvInput), Object(Symfony\\Component\\Console\\Output\\ConsoleOutput))
#9 {main}
"} 
[2018-10-23 14:13:07] local.ERROR: Trying to get property of non-object (View: C:\Users\Coder79\Desktop\myservice\resources\views\layouts\adminlayout.blade.php) (View: C:\Users\Coder79\Desktop\myservice\resources\views\layouts\adminlayout.blade.php) {"exception":"[object] (ErrorException(code: 0): Trying to get property of non-object (View: C:\\Users\\Coder79\\Desktop\\myservice\esources\\views\\layouts\\adminlayout.blade.php) (View: C:\\Users\\Coder79\\Desktop\\myservice\esources\\views\\layouts\\adminlayout.blade.php) at C:\\Users\\Coder79\\Desktop\\myservice\\storage\\framework\\views\\7218322f3ab007d44e0d7d46200fab175dcbbc0e.php:5, ErrorException(code: 0): Trying to get property of non-object (View: C:\\Users\\Coder79\\Desktop\\myservice\esources\\views\\layouts\\adminlayout.blade.php) at C:\\Users\\Coder79\\Desktop\\myservice\\storage\\framework\\views\\7218322f3ab007d44e0d7d46200fab175dcbbc0e.php:5, ErrorException(code: 0): Trying to get property of non-object at C:\\Users\\Coder79\\Desktop\\myservice\\storage\\framework\\views\\7218322f3ab007d44e0d7d46200fab175dcbbc0e.php:5)
[stacktrace]
#0 C:\\Users\\Coder79\\Desktop\\myservice\\vendor\\laravel\\framework\\src\\Illuminate\\View\\Engines\\PhpEngine.php(45): Illuminate\\View\\Engines\\CompilerEngine->handleViewException(Object(ErrorException), 1)
#1 C:\\Users\\Coder79\\Desktop\\myservice\\vendor\\laravel\\framework\\src\\Illuminate\\View\\Engines\\CompilerEngine.php(59): Illuminate\\View\\Engines\\PhpEngine->evaluatePath('C:\\\\Users\\\\Coder7...', Array)
#2 C:\\Users\\Coder79\\Desktop\\myservice\\vendor\\weglot\\translate-laravel\\src\\Compilers\\CompilerEngine.php(29): Illuminate\\View\\Engines\\CompilerEngine->get('C:\\\\Users\\\\Coder7...', Array)
#3 C:\\Users\\Coder79\\Desktop\\myservice\\vendor\\laravel\\framework\\src\\Illuminate\\View\\View.php(142): Weglot\\Translate\\Compilers\\CompilerEngine->get('C:\\\\Users\\\\Coder7...', Array)
#4 C:\\Users\\Coder79\\Desktop\\myservice\\vendor\\laravel\\framework\\src\\Illuminate\\View\\View.php(125): Illuminate\\View\\View->getContents()
#5 C:\\Users\\Coder79\\Desktop\\myservice\\vendor\\laravel\\framework\\src\\Illuminate\\View\\View.php(90): Illuminate\\View\\View->renderContents()
#6 C:\\Users\\Coder79\\Desktop\\myservice\\vendor\\laravel\\framework\\src\\Illuminate\\Http\\Response.php(42): Illuminate\\View\\View->render()
#7 C:\\Users\\Coder79\\Desktop\\myservice\\vendor\\symfony\\http-foundation\\Response.php(202): Illuminate\\Http\\Response->setContent(Object(Illuminate\\View\\View))
#8 C:\\Users\\Coder79\\Desktop\\myservice\\vendor\\laravel\\framework\\src\\Illuminate\\Routing\\Router.php(733): Symfony\\Component\\HttpFoundation\\Response->__construct(Object(Illuminate\\View\\View))
#9 C:\\Users\\Coder79\\Desktop\\myservice\\vendor\\laravel\\framework\\src\\Illuminate\\Routing\\Router.php(705): Illuminate\\Routing\\Router::toResponse(Object(Illuminate\\Http\\Request), Object(Illuminate\\View\\View))
#10 C:\\Users\\Coder79\\Desktop\\myservice\\vendor\\laravel\\framework\\src\\Illuminate\\Routing\\Router.php(665): Illuminate\\Routing\\Router->prepareResponse(Object(Illuminate\\Http\\Request), Object(Illuminate\\View\\View))
#11 C:\\Users\\Coder79\\Desktop\\myservice\\vendor\\laravel\\framework\\src\\Illuminate\\Routing\\Pipeline.php(30): Illuminate\\Routing\\Router->Illuminate\\Routing\\{closure}(Object(Illuminate\\Http\\Request))
#12 C:\\Users\\Coder79\\Desktop\\myservice\\vendor\\laravel\\framework\\src\\Illuminate\\Routing\\Middleware\\SubstituteBindings.php(41): Illuminate\\Routing\\Pipeline->Illuminate\\Routing\\{closure}(Object(Illuminate\\Http\\Request))
#13 C:\\Users\\Coder79\\Desktop\\myservice\\vendor\\laravel\\framework\\src\\Illuminate\\Pipeline\\Pipeline.php(151): Illuminate\\Routing\\Middleware\\SubstituteBindings->handle(Object(Illuminate\\Http\\Request), Object(Closure))
#14 C:\\Users\\Coder79\\Desktop\\myservice\\vendor\\laravel\\framework\\src\\Illuminate\\Routing\\Pipeline.php(53): Illuminate\\Pipeline\\Pipeline->Illuminate\\Pipeline\\{closure}(Object(Illuminate\\Http\\Request))
#15 C:\\Users\\Coder79\\Desktop\\myservice\\vendor\\laravel\\framework\\src\\Illuminate\\Foundation\\Http\\Middleware\\VerifyCsrfToken.php(68): Illuminate\\Routing\\Pipeline->Illuminate\\Routing\\{closure}(Object(Illuminate\\Http\\Request))
#16 C:\\Users\\Coder79\\Desktop\\myservice\\vendor\\laravel\\framework\\src\\Illuminate\\Pipeline\\Pipeline.php(151): Illuminate\\Foundation\\Http\\Middleware\\VerifyCsrfToken->handle(Object(Illuminate\\Http\\Request), Object(Closure))
#17 C:\\Users\\Coder79\\Desktop\\myservice\\vendor\\laravel\\framework\\src\\Illuminate\\Routing\\Pipeline.php(53): Illuminate\\Pipeline\\Pipeline->Illuminate\\Pipeline\\{closure}(Object(Illuminate\\Http\\Request))
#18 C:\\Users\\Coder79\\Desktop\\myservice\\vendor\\laravel\\framework\\src\\Illuminate\\View\\Middleware\\ShareErrorsFromSession.php(49): Illuminate\\Routing\\Pipeline->Illuminate\\Routing\\{closure}(Object(Illuminate\\Http\\Request))
#19 C:\\Users\\Coder79\\Desktop\\myservice\\vendor\\laravel\\framework\\src\\Illuminate\\Pipeline\\Pipeline.php(151): Illuminate\\View\\Middleware\\ShareErrorsFromSession->handle(Object(Illuminate\\Http\\Request), Object(Closure))
#20 C:\\Users\\Coder79\\Desktop\\myservice\\vendor\\laravel\\framework\\src\\Illuminate\\Routing\\Pipeline.php(53): Illuminate\\Pipeline\\Pipeline->Illuminate\\Pipeline\\{closure}(Object(Illuminate\\Http\\Request))
#21 C:\\Users\\Coder79\\Desktop\\myservice\\vendor\\laravel\\framework\\src\\Illuminate\\Session\\Middleware\\StartSession.php(63): Illuminate\\Routing\\Pipeline->Illuminate\\Routing\\{closure}(Object(Illuminate\\Http\\Request))
#22 C:\\Users\\Coder79\\Desktop\\myservice\\vendor\\laravel\\framework\\src\\Illuminate\\Pipeline\\Pipeline.php(151): Illuminate\\Session\\Middleware\\StartSession->handle(Object(Illuminate\\Http\\Request), Object(Closure))
#23 C:\\Users\\Coder79\\Desktop\\myservice\\vendor\\laravel\\framework\\src\\Illuminate\\Routing\\Pipeline.php(53): Illuminate\\Pipeline\\Pipeline->Illuminate\\Pipeline\\{closure}(Object(Illuminate\\Http\\Request))
#24 C:\\Users\\Coder79\\Desktop\\myservice\\vendor\\laravel\\framework\\src\\Illuminate\\Cookie\\Middleware\\AddQueuedCookiesToResponse.php(37): Illuminate\\Routing\\Pipeline->Illuminate\\Routing\\{closure}(Object(Illuminate\\Http\\Request))
#25 C:\\Users\\Coder79\\Desktop\\myservice\\vendor\\laravel\\framework\\src\\Illuminate\\Pipeline\\Pipeline.php(151): Illuminate\\Cookie\\Middleware\\AddQueuedCookiesToResponse->handle(Object(Illuminate\\Http\\Request), Object(Closure))
#26 C:\\Users\\Coder79\\Desktop\\myservice\\vendor\\laravel\\framework\\src\\Illuminate\\Routing\\Pipeline.php(53): Illuminate\\Pipeline\\Pipeline->Illuminate\\Pipeline\\{closure}(Object(Illuminate\\Http\\Request))
#27 C:\\Users\\Coder79\\Desktop\\myservice\\vendor\\laravel\\framework\\src\\Illuminate\\Cookie\\Middleware\\EncryptCookies.php(66): Illuminate\\Routing\\Pipeline->Illuminate\\Routing\\{closure}(Object(Illuminate\\Http\\Request))
#28 C:\\Users\\Coder79\\Desktop\\myservice\\vendor\\laravel\\framework\\src\\Illuminate\\Pipeline\\Pipeline.php(151): Illuminate\\Cookie\\Middleware\\EncryptCookies->handle(Object(Illuminate\\Http\\Request), Object(Closure))
#29 C:\\Users\\Coder79\\Desktop\\myservice\\vendor\\laravel\\framework\\src\\Illuminate\\Routing\\Pipeline.php(53): Illuminate\\Pipeline\\Pipeline->Illuminate\\Pipeline\\{closure}(Object(Illuminate\\Http\\Request))
#30 C:\\Users\\Coder79\\Desktop\\myservice\\vendor\\laravel\\framework\\src\\Illuminate\\Pipeline\\Pipeline.php(104): Illuminate\\Routing\\Pipeline->Illuminate\\Routing\\{closure}(Object(Illuminate\\Http\\Request))
#31 C:\\Users\\Coder79\\Desktop\\myservice\\vendor\\laravel\\framework\\src\\Illuminate\\Routing\\Router.php(667): Illuminate\\Pipeline\\Pipeline->then(Object(Closure))
#32 C:\\Users\\Coder79\\Desktop\\myservice\\vendor\\laravel\\framework\\src\\Illuminate\\Routing\\Router.php(642): Illuminate\\Routing\\Router->runRouteWithinStack(Object(Illuminate\\Routing\\Route), Object(Illuminate\\Http\\Request))
#33 C:\\Users\\Coder79\\Desktop\\myservice\\vendor\\laravel\\framework\\src\\Illuminate\\Routing\\Router.php(608): Illuminate\\Routing\\Router->runRoute(Object(Illuminate\\Http\\Request), Object(Illuminate\\Routing\\Route))
#34 C:\\Users\\Coder79\\Desktop\\myservice\\vendor\\laravel\\framework\\src\\Illuminate\\Routing\\Router.php(597): Illuminate\\Routing\\Router->dispatchToRoute(Object(Illuminate\\Http\\Request))
#35 C:\\Users\\Coder79\\Desktop\\myservice\\vendor\\laravel\\framework\\src\\Illuminate\\Foundation\\Http\\Kernel.php(176): Illuminate\\Routing\\Router->dispatch(Object(Illuminate\\Http\\Request))
#36 C:\\Users\\Coder79\\Desktop\\myservice\\vendor\\laravel\\framework\\src\\Illuminate\\Routing\\Pipeline.php(30): Illuminate\\Foundation\\Http\\Kernel->Illuminate\\Foundation\\Http\\{closure}(Object(Illuminate\\Http\\Request))
#37 C:\\Users\\Coder79\\Desktop\\myservice\\vendor\\fideloper\\proxy\\src\\TrustProxies.php(57): Illuminate\\Routing\\Pipeline->Illuminate\\Routing\\{closure}(Object(Illuminate\\Http\\Request))
#38 C:\\Users\\Coder79\\Desktop\\myservice\\vendor\\laravel\\framework\\src\\Illuminate\\Pipeline\\Pipeline.php(151): Fideloper\\Proxy\\TrustProxies->handle(Object(Illuminate\\Http\\Request), Object(Closure))
#39 C:\\Users\\Coder79\\Desktop\\myservice\\vendor\\laravel\\framework\\src\\Illuminate\\Routing\\Pipeline.php(53): Illuminate\\Pipeline\\Pipeline->Illuminate\\Pipeline\\{closure}(Object(Illuminate\\Http\\Request))
#40 C:\\Users\\Coder79\\Desktop\\myservice\\vendor\\laravel\\framework\\src\\Illuminate\\Foundation\\Http\\Middleware\\TransformsRequest.php(31): Illuminate\\Routing\\Pipeline->Illuminate\\Routing\\{closure}(Object(Illuminate\\Http\\Request))
#41 C:\\Users\\Coder79\\Desktop\\myservice\\vendor\\laravel\\framework\\src\\Illuminate\\Pipeline\\Pipeline.php(151): Illuminate\\Foundation\\Http\\Middleware\\TransformsRequest->handle(Object(Illuminate\\Http\\Request), Object(Closure))
#42 C:\\Users\\Coder79\\Desktop\\myservice\\vendor\\laravel\\framework\\src\\Illuminate\\Routing\\Pipeline.php(53): Illuminate\\Pipeline\\Pipeline->Illuminate\\Pipeline\\{closure}(Object(Illuminate\\Http\\Request))
#43 C:\\Users\\Coder79\\Desktop\\myservice\\vendor\\laravel\\framework\\src\\Illuminate\\Foundation\\Http\\Middleware\\TransformsRequest.php(31): Illuminate\\Routing\\Pipeline->Illuminate\\Routing\\{closure}(Object(Illuminate\\Http\\Request))
#44 C:\\Users\\Coder79\\Desktop\\myservice\\vendor\\laravel\\framework\\src\\Illuminate\\Pipeline\\Pipeline.php(151): Illuminate\\Foundation\\Http\\Middleware\\TransformsRequest->handle(Object(Illuminate\\Http\\Request), Object(Closure))
#45 C:\\Users\\Coder79\\Desktop\\myservice\\vendor\\laravel\\framework\\src\\Illuminate\\Routing\\Pipeline.php(53): Illuminate\\Pipeline\\Pipeline->Illuminate\\Pipeline\\{closure}(Object(Illuminate\\Http\\Request))
#46 C:\\Users\\Coder79\\Desktop\\myservice\\vendor\\laravel\\framework\\src\\Illuminate\\Foundation\\Http\\Middleware\\ValidatePostSize.php(27): Illuminate\\Routing\\Pipeline->Illuminate\\Routing\\{closure}(Object(Illuminate\\Http\\Request))
#47 C:\\Users\\Coder79\\Desktop\\myservice\\vendor\\laravel\\framework\\src\\Illuminate\\Pipeline\\Pipeline.php(151): Illuminate\\Foundation\\Http\\Middleware\\ValidatePostSize->handle(Object(Illuminate\\Http\\Request), Object(Closure))
#48 C:\\Users\\Coder79\\Desktop\\myservice\\vendor\\laravel\\framework\\src\\Illuminate\\Routing\\Pipeline.php(53): Illuminate\\Pipeline\\Pipeline->Illuminate\\Pipeline\\{closure}(Object(Illuminate\\Http\\Request))
#49 C:\\Users\\Coder79\\Desktop\\myservice\\vendor\\laravel\\framework\\src\\Illuminate\\Foundation\\Http\\Middleware\\CheckForMaintenanceMode.php(62): Illuminate\\Routing\\Pipeline->Illuminate\\Routing\\{closure}(Object(Illuminate\\Http\\Request))
#50 C:\\Users\\Coder79\\Desktop\\myservice\\vendor\\laravel\\framework\\src\\Illuminate\\Pipeline\\Pipeline.php(151): Illuminate\\Foundation\\Http\\Middleware\\CheckForMaintenanceMode->handle(Object(Illuminate\\Http\\Request), Object(Closure))
#51 C:\\Users\\Coder79\\Desktop\\myservice\\vendor\\laravel\\framework\\src\\Illuminate\\Routing\\Pipeline.php(53): Illuminate\\Pipeline\\Pipeline->Illuminate\\Pipeline\\{closure}(Object(Illuminate\\Http\\Request))
#52 C:\\Users\\Coder79\\Desktop\\myservice\\vendor\\laravel\\framework\\src\\Illuminate\\Pipeline\\Pipeline.php(104): Illuminate\\Routing\\Pipeline->Illuminate\\Routing\\{closure}(Object(Illuminate\\Http\\Request))
#53 C:\\Users\\Coder79\\Desktop\\myservice\\vendor\\laravel\\framework\\src\\Illuminate\\Foundation\\Http\\Kernel.php(151): Illuminate\\Pipeline\\Pipeline->then(Object(Closure))
#54 C:\\Users\\Coder79\\Desktop\\myservice\\vendor\\laravel\\framework\\src\\Illuminate\\Foundation\\Http\\Kernel.php(116): Illuminate\\Foundation\\Http\\Kernel->sendRequestThroughRouter(Object(Illuminate\\Http\\Request))
#55 C:\\Users\\Coder79\\Desktop\\myservice\\public\\index.php(55): Illuminate\\Foundation\\Http\\Kernel->handle(Object(Illuminate\\Http\\Request))
#56 C:\\Users\\Coder79\\Desktop\\myservice\\server.php(21): require_once('C:\\\\Users\\\\Coder7...')
#57 {main}
"} 
